Compiling the C compiler identification source file "CMakeCCompilerId.c" failed.
Compiler: D:/VS/VC/Tools/MSVC/14.24.28314/bin/Hostx86/x86/cl.exe 
Build flags: 
Id flags:  

The output was:
2
用于 x86 的 Microsoft (R) C/C++ 优化编译器 19.24.28319 版
版权所有(C) Microsoft Corporation。保留所有权利。

CMakeCCompilerId.c
c1: fatal error C1083: 无法打开编译器中间文件: “C:\Users\娴佺棔~\AppData\Local\Temp\_CL_cf2f9aa2ex”: No such file or directory


Compiling the C compiler identification source file "CMakeCCompilerId.c" failed.
Compiler: D:/VS/VC/Tools/MSVC/14.24.28314/bin/Hostx86/x86/cl.exe 
Build flags: 
Id flags: -c 

The output was:
2
用于 x86 的 Microsoft (R) C/C++ 优化编译器 19.24.28319 版
版权所有(C) Microsoft Corporation。保留所有权利。

CMakeCCompilerId.c
c1: fatal error C1083: 无法打开编译器中间文件: “C:\Users\娴佺棔~\AppData\Local\Temp\_CL_b7b72e3eex”: No such file or directory


Compiling the C compiler identification source file "CMakeCCompilerId.c" failed.
Compiler: D:/VS/VC/Tools/MSVC/14.24.28314/bin/Hostx86/x86/cl.exe 
Build flags: 
Id flags: -Aa 

The output was:
2
用于 x86 的 Microsoft (R) C/C++ 优化编译器 19.24.28319 版
版权所有(C) Microsoft Corporation。保留所有权利。

cl: 命令行 warning D9002 :忽略未知选项“-Aa”
CMakeCCompilerId.c
c1: fatal error C1083: 无法打开编译器中间文件: “C:\Users\娴佺棔~\AppData\Local\Temp\_CL_bba1350eex”: No such file or directory


Compiling the C compiler identification source file "CMakeCCompilerId.c" failed.
Compiler: D:/VS/VC/Tools/MSVC/14.24.28314/bin/Hostx86/x86/cl.exe 
Build flags: 
Id flags: -D__CLASSIC_C__ 

The output was:
2
用于 x86 的 Microsoft (R) C/C++ 优化编译器 19.24.28319 版
版权所有(C) Microsoft Corporation。保留所有权利。

CMakeCCompilerId.c
c1: fatal error C1083: 无法打开编译器中间文件: “C:\Users\娴佺棔~\AppData\Local\Temp\_CL_37fb64a5ex”: No such file or directory


Compiling the C compiler identification source file "CMakeCCompilerId.c" failed.
Compiler: D:/VS/VC/Tools/MSVC/14.24.28314/bin/Hostx86/x86/cl.exe 
Build flags: 
Id flags: --target=arm-arm-none-eabi;-mcpu=cortex-m3 

The output was:
2
用于 x86 的 Microsoft (R) C/C++ 优化编译器 19.24.28319 版
版权所有(C) Microsoft Corporation。保留所有权利。

cl: 命令行 warning D9002 :忽略未知选项“--target=arm-arm-none-eabi”
cl: 命令行 warning D9002 :忽略未知选项“-mcpu=cortex-m3”
CMakeCCompilerId.c
c1: fatal error C1083: 无法打开编译器中间文件: “C:\Users\娴佺棔~\AppData\Local\Temp\_CL_04402620ex”: No such file or directory


Compiling the C compiler identification source file "CMakeCCompilerId.c" failed.
Compiler: D:/VS/VC/Tools/MSVC/14.24.28314/bin/Hostx86/x86/cl.exe 
Build flags: 
Id flags:  

The output was:
2
用于 x86 的 Microsoft (R) C/C++ 优化编译器 19.24.28319 版
版权所有(C) Microsoft Corporation。保留所有权利。

CMakeCCompilerId.c
c1: fatal error C1083: 无法打开编译器中间文件: “C:\Users\娴佺棔~\AppData\Local\Temp\_CL_b915bbadex”: No such file or directory


Compiling the C compiler identification source file "CMakeCCompilerId.c" failed.
Compiler: D:/VS/VC/Tools/MSVC/14.24.28314/bin/Hostx86/x86/cl.exe 
Build flags: 
Id flags: -c 

The output was:
2
用于 x86 的 Microsoft (R) C/C++ 优化编译器 19.24.28319 版
版权所有(C) Microsoft Corporation。保留所有权利。

CMakeCCompilerId.c
c1: fatal error C1083: 无法打开编译器中间文件: “C:\Users\娴佺棔~\AppData\Local\Temp\_CL_76858bfaex”: No such file or directory


Compiling the C compiler identification source file "CMakeCCompilerId.c" failed.
Compiler: D:/VS/VC/Tools/MSVC/14.24.28314/bin/Hostx86/x86/cl.exe 
Build flags: 
Id flags: -Aa 

The output was:
2
用于 x86 的 Microsoft (R) C/C++ 优化编译器 19.24.28319 版
版权所有(C) Microsoft Corporation。保留所有权利。

cl: 命令行 warning D9002 :忽略未知选项“-Aa”
CMakeCCompilerId.c
c1: fatal error C1083: 无法打开编译器中间文件: “C:\Users\娴佺棔~\AppData\Local\Temp\_CL_26b18601ex”: No such file or directory


Compiling the C compiler identification source file "CMakeCCompilerId.c" failed.
Compiler: D:/VS/VC/Tools/MSVC/14.24.28314/bin/Hostx86/x86/cl.exe 
Build flags: 
Id flags: -D__CLASSIC_C__ 

The output was:
2
用于 x86 的 Microsoft (R) C/C++ 优化编译器 19.24.28319 版
版权所有(C) Microsoft Corporation。保留所有权利。

CMakeCCompilerId.c
c1: fatal error C1083: 无法打开编译器中间文件: “C:\Users\娴佺棔~\AppData\Local\Temp\_CL_8a689ab4ex”: No such file or directory


Compiling the C compiler identification source file "CMakeCCompilerId.c" failed.
Compiler: D:/VS/VC/Tools/MSVC/14.24.28314/bin/Hostx86/x86/cl.exe 
Build flags: 
Id flags: --target=arm-arm-none-eabi;-mcpu=cortex-m3 

The output was:
2
用于 x86 的 Microsoft (R) C/C++ 优化编译器 19.24.28319 版
版权所有(C) Microsoft Corporation。保留所有权利。

cl: 命令行 warning D9002 :忽略未知选项“--target=arm-arm-none-eabi”
cl: 命令行 warning D9002 :忽略未知选项“-mcpu=cortex-m3”
CMakeCCompilerId.c
c1: fatal error C1083: 无法打开编译器中间文件: “C:\Users\娴佺棔~\AppData\Local\Temp\_CL_eac87e2dex”: No such file or directory


Checking whether the C compiler is IAR using "" did not match "IAR .+ Compiler":
用于 x86 的 Microsoft (R) C/C++ 优化编译器 19.24.28319 版
版权所有(C) Microsoft Corporation。保留所有权利。

用法: cl [ 选项... ] 文件名... [ /link 链接选项... ]
Checking whether the C compiler is IAR using "" did not match "IAR .+ Compiler":
用于 x86 的 Microsoft (R) C/C++ 优化编译器 19.24.28319 版
版权所有(C) Microsoft Corporation。保留所有权利。

用法: cl [ 选项... ] 文件名... [ /link 链接选项... ]
Compiling the CXX compiler identification source file "CMakeCXXCompilerId.cpp" failed.
Compiler: D:/VS/VC/Tools/MSVC/14.24.28314/bin/Hostx86/x86/cl.exe 
Build flags: 
Id flags:  

The output was:
2
用于 x86 的 Microsoft (R) C/C++ 优化编译器 19.24.28319 版
版权所有(C) Microsoft Corporation。保留所有权利。

CMakeCXXCompilerId.cpp
c1xx: fatal error C1083: 无法打开编译器中间文件: “C:\Users\娴佺棔~\AppData\Local\Temp\_CL_349c74d7ex”: No such file or directory


Compiling the CXX compiler identification source file "CMakeCXXCompilerId.cpp" failed.
Compiler: D:/VS/VC/Tools/MSVC/14.24.28314/bin/Hostx86/x86/cl.exe 
Build flags: 
Id flags: -c 

The output was:
2
用于 x86 的 Microsoft (R) C/C++ 优化编译器 19.24.28319 版
版权所有(C) Microsoft Corporation。保留所有权利。

CMakeCXXCompilerId.cpp
c1xx: fatal error C1083: 无法打开编译器中间文件: “C:\Users\娴佺棔~\AppData\Local\Temp\_CL_eb98d750ex”: No such file or directory


Compiling the CXX compiler identification source file "CMakeCXXCompilerId.cpp" failed.
Compiler: D:/VS/VC/Tools/MSVC/14.24.28314/bin/Hostx86/x86/cl.exe 
Build flags: 
Id flags: --c++ 

The output was:
2
用于 x86 的 Microsoft (R) C/C++ 优化编译器 19.24.28319 版
版权所有(C) Microsoft Corporation。保留所有权利。

cl: 命令行 warning D9002 :忽略未知选项“--c++”
CMakeCXXCompilerId.cpp
c1xx: fatal error C1083: 无法打开编译器中间文件: “C:\Users\娴佺棔~\AppData\Local\Temp\_CL_bcb54fdbex”: No such file or directory


Compiling the CXX compiler identification source file "CMakeCXXCompilerId.cpp" failed.
Compiler: D:/VS/VC/Tools/MSVC/14.24.28314/bin/Hostx86/x86/cl.exe 
Build flags: 
Id flags: --ec++ 

The output was:
2
用于 x86 的 Microsoft (R) C/C++ 优化编译器 19.24.28319 版
版权所有(C) Microsoft Corporation。保留所有权利。

cl: 命令行 warning D9002 :忽略未知选项“--ec++”
CMakeCXXCompilerId.cpp
c1xx: fatal error C1083: 无法打开编译器中间文件: “C:\Users\娴佺棔~\AppData\Local\Temp\_CL_e75e3933ex”: No such file or directory


Compiling the CXX compiler identification source file "CMakeCXXCompilerId.cpp" failed.
Compiler: D:/VS/VC/Tools/MSVC/14.24.28314/bin/Hostx86/x86/cl.exe 
Build flags: 
Id flags: --target=arm-arm-none-eabi;-mcpu=cortex-m3 

The output was:
2
用于 x86 的 Microsoft (R) C/C++ 优化编译器 19.24.28319 版
版权所有(C) Microsoft Corporation。保留所有权利。

cl: 命令行 warning D9002 :忽略未知选项“--target=arm-arm-none-eabi”
cl: 命令行 warning D9002 :忽略未知选项“-mcpu=cortex-m3”
CMakeCXXCompilerId.cpp
c1xx: fatal error C1083: 无法打开编译器中间文件: “C:\Users\娴佺棔~\AppData\Local\Temp\_CL_7899826fex”: No such file or directory


Compiling the CXX compiler identification source file "CMakeCXXCompilerId.cpp" failed.
Compiler: D:/VS/VC/Tools/MSVC/14.24.28314/bin/Hostx86/x86/cl.exe 
Build flags: 
Id flags:  

The output was:
2
用于 x86 的 Microsoft (R) C/C++ 优化编译器 19.24.28319 版
版权所有(C) Microsoft Corporation。保留所有权利。

CMakeCXXCompilerId.cpp
c1xx: fatal error C1083: 无法打开编译器中间文件: “C:\Users\娴佺棔~\AppData\Local\Temp\_CL_62321932ex”: No such file or directory


Compiling the CXX compiler identification source file "CMakeCXXCompilerId.cpp" failed.
Compiler: D:/VS/VC/Tools/MSVC/14.24.28314/bin/Hostx86/x86/cl.exe 
Build flags: 
Id flags: -c 

The output was:
2
用于 x86 的 Microsoft (R) C/C++ 优化编译器 19.24.28319 版
版权所有(C) Microsoft Corporation。保留所有权利。

CMakeCXXCompilerId.cpp
c1xx: fatal error C1083: 无法打开编译器中间文件: “C:\Users\娴佺棔~\AppData\Local\Temp\_CL_90c05a00ex”: No such file or directory


Compiling the CXX compiler identification source file "CMakeCXXCompilerId.cpp" failed.
Compiler: D:/VS/VC/Tools/MSVC/14.24.28314/bin/Hostx86/x86/cl.exe 
Build flags: 
Id flags: --c++ 

The output was:
2
用于 x86 的 Microsoft (R) C/C++ 优化编译器 19.24.28319 版
版权所有(C) Microsoft Corporation。保留所有权利。

cl: 命令行 warning D9002 :忽略未知选项“--c++”
CMakeCXXCompilerId.cpp
c1xx: fatal error C1083: 无法打开编译器中间文件: “C:\Users\娴佺棔~\AppData\Local\Temp\_CL_3471e994ex”: No such file or directory


Compiling the CXX compiler identification source file "CMakeCXXCompilerId.cpp" failed.
Compiler: D:/VS/VC/Tools/MSVC/14.24.28314/bin/Hostx86/x86/cl.exe 
Build flags: 
Id flags: --ec++ 

The output was:
2
用于 x86 的 Microsoft (R) C/C++ 优化编译器 19.24.28319 版
版权所有(C) Microsoft Corporation。保留所有权利。

cl: 命令行 warning D9002 :忽略未知选项“--ec++”
CMakeCXXCompilerId.cpp
c1xx: fatal error C1083: 无法打开编译器中间文件: “C:\Users\娴佺棔~\AppData\Local\Temp\_CL_0f612985ex”: No such file or directory


Compiling the CXX compiler identification source file "CMakeCXXCompilerId.cpp" failed.
Compiler: D:/VS/VC/Tools/MSVC/14.24.28314/bin/Hostx86/x86/cl.exe 
Build flags: 
Id flags: --target=arm-arm-none-eabi;-mcpu=cortex-m3 

The output was:
2
用于 x86 的 Microsoft (R) C/C++ 优化编译器 19.24.28319 版
版权所有(C) Microsoft Corporation。保留所有权利。

cl: 命令行 warning D9002 :忽略未知选项“--target=arm-arm-none-eabi”
cl: 命令行 warning D9002 :忽略未知选项“-mcpu=cortex-m3”
CMakeCXXCompilerId.cpp
c1xx: fatal error C1083: 无法打开编译器中间文件: “C:\Users\娴佺棔~\AppData\Local\Temp\_CL_58376ec7ex”: No such file or directory


Checking whether the CXX compiler is IAR using "" did not match "IAR .+ Compiler":
用于 x86 的 Microsoft (R) C/C++ 优化编译器 19.24.28319 版
版权所有(C) Microsoft Corporation。保留所有权利。

用法: cl [ 选项... ] 文件名... [ /link 链接选项... ]
Checking whether the CXX compiler is IAR using "" did not match "IAR .+ Compiler":
用于 x86 的 Microsoft (R) C/C++ 优化编译器 19.24.28319 版
版权所有(C) Microsoft Corporation。保留所有权利。

用法: cl [ 选项... ] 文件名... [ /link 链接选项... ]
Determining if the C compiler works failed with the following output:
Change Dir: E:/github/CplusplusStudy/Unit06/Three/cmake-build-debug/CMakeFiles/CMakeTmp

Run Build Command(s):nmake /nologo cmTC_d78a0\fast && 	D:\VS\VC\Tools\MSVC\14.24.28314\bin\HostX86\x86\nmake.exe -f CMakeFiles\cmTC_d78a0.dir\build.make /nologo -L                  CMakeFiles\cmTC_d78a0.dir\build
Building C object CMakeFiles/cmTC_d78a0.dir/testCCompiler.c.obj
	D:\VS\VC\Tools\MSVC\14.24.28314\bin\Hostx86\x86\cl.exe    -o CMakeFiles\cmTC_d78a0.dir\testCCompiler.c.obj   -c E:\github\CplusplusStudy\Unit06\Three\cmake-build-debug\CMakeFiles\CMakeTmp\testCCompiler.c
用于 x86 的 Microsoft (R) C/C++ 优化编译器 19.24.28319 版
版权所有(C) Microsoft Corporation。保留所有权利。

cl: 命令行 warning D9035 :“o”选项已否决，并将在将来的版本中移除
testCCompiler.c
c1: fatal error C1083: 无法打开编译器中间文件: “C:\Users\娴佺棔~\AppData\Local\Temp\_CL_e59e3919ex”: No such file or directory
NMAKE : fatal error U1077: “D:\VS\VC\Tools\MSVC\14.24.28314\bin\Hostx86\x86\cl.exe”: 返回代码“0x2”
Stop.
NMAKE : fatal error U1077: “D:\VS\VC\Tools\MSVC\14.24.28314\bin\HostX86\x86\nmake.exe”: 返回代码“0x2”
Stop.



